2019-03-19 09:19:48.693  INFO 3276 --- [main] c.c.weshare.WeshareApplication           : Starting WeshareApplication on DESKTOP-0AU7LE8 with PID 3276 (E:\IDEA\weShare\target\classes started by tcozy in E:\IDEA\weShare)
2019-03-19 09:19:48.714  INFO 3276 --- [main] c.c.weshare.WeshareApplication           : No active profile set, falling back to default profiles: default
2019-03-19 09:19:50.909  INFO 3276 --- [main] .s.d.r.c.RepositoryConfigurationDelegate : Multiple Spring Data modules found, entering strict repository configuration mode!
2019-03-19 09:19:50.913  INFO 3276 --- [main] .s.d.r.c.RepositoryConfigurationDelegate : Bootstrapping Spring Data repositories in DEFAULT mode.
2019-03-19 09:19:50.955  INFO 3276 --- [main] .s.d.r.c.RepositoryConfigurationDelegate : Finished Spring Data repository scanning in 19ms. Found 0 repository interfaces.
2019-03-19 09:19:51.522  INFO 3276 --- [main] trationDelegate$BeanPostProcessorChecker : Bean 'org.springframework.transaction.annotation.ProxyTransactionManagementConfiguration' of type [org.springframework.transaction.annotation.ProxyTransactionManagementConfiguration$$EnhancerBySpringCGLIB$$f879d4a1] is not eligible for getting processed by all BeanPostProcessors (for example: not eligible for auto-proxying)
2019-03-19 09:19:52.070  INFO 3276 --- [main] o.s.b.w.embedded.tomcat.TomcatWebServer  : Tomcat initialized with port(s): 8080 (http)
2019-03-19 09:19:52.104  INFO 3276 --- [main] o.apache.catalina.core.StandardService   : Starting service [Tomcat]
2019-03-19 09:19:52.104  INFO 3276 --- [main] org.apache.catalina.core.StandardEngine  : Starting Servlet engine: [Apache Tomcat/9.0.16]
2019-03-19 09:19:52.112  INFO 3276 --- [main] o.a.catalina.core.AprLifecycleListener   : The APR based Apache Tomcat Native library which allows optimal performance in production environments was not found on the java.library.path: [D:\java\jdk\bin;C:\WINDOWS\Sun\Java\bin;C:\WINDOWS\system32;C:\WINDOWS;D:\tool\Xshell6\;C:\Program Files (x86)\Common Files\Oracle\Java\javapath;C:\WINDOWS\system32;C:\WINDOWS;C:\WINDOWS\System32\Wbem;C:\WINDOWS\System32\WindowsPowerShell\v1.0\;C:\WINDOWS\System32\OpenSSH\;D:\java\jdk\bin;D:\java\jdk\jre\bin;D:\maven\bin;C:\Program Files\MySQL\MySQL Server 5.7\bin;D:\IDE\Git\cmd;D:\IDE\Redis;D:\Python\Scripts\;D:\Python\;C:\Users\唐诚祯\AppData\Local\Microsoft\WindowsApps;;D:\IDE\IntelliJ IDEA 2018.3.5\bin;;.]
2019-03-19 09:19:52.267  INFO 3276 --- [main] o.a.c.c.C.[Tomcat].[localhost].[/]       : Initializing Spring embedded WebApplicationContext
2019-03-19 09:19:52.267  INFO 3276 --- [main] o.s.web.context.ContextLoader            : Root WebApplicationContext: initialization completed in 3403 ms
2019-03-19 09:19:53.174  INFO 3276 --- [main] org.slf4j.Logger                         : 初始化loginFilter
2019-03-19 09:19:53.532  INFO 3276 --- [main] o.s.s.concurrent.ThreadPoolTaskExecutor  : Initializing ExecutorService 'taskExecutor'
2019-03-19 09:19:53.534  INFO 3276 --- [main] o.s.s.concurrent.ThreadPoolTaskExecutor  : Initializing ExecutorService 'taskExecutor'
2019-03-19 09:19:54.262  INFO 3276 --- [main] o.s.b.w.embedded.tomcat.TomcatWebServer  : Tomcat started on port(s): 8080 (http) with context path ''
2019-03-19 09:19:54.266  INFO 3276 --- [main] c.c.weshare.WeshareApplication           : Started WeshareApplication in 6.492 seconds (JVM running for 9.457)
2019-03-19 09:20:26.811  INFO 3276 --- [http-nio-8080-exec-2] o.a.c.c.C.[Tomcat].[localhost].[/]       : Initializing Spring DispatcherServlet 'dispatcherServlet'
2019-03-19 09:20:26.812  INFO 3276 --- [http-nio-8080-exec-2] o.s.web.servlet.DispatcherServlet        : Initializing Servlet 'dispatcherServlet'
2019-03-19 09:20:26.821  INFO 3276 --- [http-nio-8080-exec-2] o.s.web.servlet.DispatcherServlet        : Completed initialization in 9 ms
2019-03-19 09:20:26.862  INFO 3276 --- [http-nio-8080-exec-2] org.slf4j.Logger                         : HomePageController.showGoods(),入参:token=sabisb,currentPage=0,label=null,keyword=null
2019-03-19 09:20:26.886  INFO 3276 --- [http-nio-8080-exec-2] com.zaxxer.hikari.HikariDataSource       : HikariPool-1 - Starting...
2019-03-19 09:20:27.253  INFO 3276 --- [http-nio-8080-exec-2] com.zaxxer.hikari.HikariDataSource       : HikariPool-1 - Start completed.
2019-03-19 09:23:42.257  INFO 2676 --- [main] c.c.weshare.WeshareApplication           : Starting WeshareApplication on DESKTOP-0AU7LE8 with PID 2676 (E:\IDEA\weShare\target\classes started by tcozy in E:\IDEA\weShare)
2019-03-19 09:23:42.271  INFO 2676 --- [main] c.c.weshare.WeshareApplication           : No active profile set, falling back to default profiles: default
2019-03-19 09:23:43.856  INFO 2676 --- [main] .s.d.r.c.RepositoryConfigurationDelegate : Multiple Spring Data modules found, entering strict repository configuration mode!
2019-03-19 09:23:43.859  INFO 2676 --- [main] .s.d.r.c.RepositoryConfigurationDelegate : Bootstrapping Spring Data repositories in DEFAULT mode.
2019-03-19 09:23:43.900  INFO 2676 --- [main] .s.d.r.c.RepositoryConfigurationDelegate : Finished Spring Data repository scanning in 22ms. Found 0 repository interfaces.
2019-03-19 09:23:44.402  INFO 2676 --- [main] trationDelegate$BeanPostProcessorChecker : Bean 'org.springframework.transaction.annotation.ProxyTransactionManagementConfiguration' of type [org.springframework.transaction.annotation.ProxyTransactionManagementConfiguration$$EnhancerBySpringCGLIB$$e500647c] is not eligible for getting processed by all BeanPostProcessors (for example: not eligible for auto-proxying)
2019-03-19 09:23:44.933  INFO 2676 --- [main] o.s.b.w.embedded.tomcat.TomcatWebServer  : Tomcat initialized with port(s): 8080 (http)
2019-03-19 09:23:44.966  INFO 2676 --- [main] o.apache.catalina.core.StandardService   : Starting service [Tomcat]
2019-03-19 09:23:44.967  INFO 2676 --- [main] org.apache.catalina.core.StandardEngine  : Starting Servlet engine: [Apache Tomcat/9.0.16]
2019-03-19 09:23:44.977  INFO 2676 --- [main] o.a.catalina.core.AprLifecycleListener   : The APR based Apache Tomcat Native library which allows optimal performance in production environments was not found on the java.library.path: [D:\java\jdk\bin;C:\WINDOWS\Sun\Java\bin;C:\WINDOWS\system32;C:\WINDOWS;D:\tool\Xshell6\;C:\Program Files (x86)\Common Files\Oracle\Java\javapath;C:\WINDOWS\system32;C:\WINDOWS;C:\WINDOWS\System32\Wbem;C:\WINDOWS\System32\WindowsPowerShell\v1.0\;C:\WINDOWS\System32\OpenSSH\;D:\java\jdk\bin;D:\java\jdk\jre\bin;D:\maven\bin;C:\Program Files\MySQL\MySQL Server 5.7\bin;D:\IDE\Git\cmd;D:\IDE\Redis;D:\Python\Scripts\;D:\Python\;C:\Users\唐诚祯\AppData\Local\Microsoft\WindowsApps;;D:\IDE\IntelliJ IDEA 2018.3.5\bin;;.]
2019-03-19 09:23:45.173  INFO 2676 --- [main] o.a.c.c.C.[Tomcat].[localhost].[/]       : Initializing Spring embedded WebApplicationContext
2019-03-19 09:23:45.174  INFO 2676 --- [main] o.s.web.context.ContextLoader            : Root WebApplicationContext: initialization completed in 2731 ms
2019-03-19 09:23:45.729  INFO 2676 --- [main] org.slf4j.Logger                         : 初始化loginFilter
2019-03-19 09:23:46.020  INFO 2676 --- [main] o.s.s.concurrent.ThreadPoolTaskExecutor  : Initializing ExecutorService 'taskExecutor'
2019-03-19 09:23:46.022  INFO 2676 --- [main] o.s.s.concurrent.ThreadPoolTaskExecutor  : Initializing ExecutorService 'taskExecutor'
2019-03-19 09:23:46.697  INFO 2676 --- [main] o.s.b.w.embedded.tomcat.TomcatWebServer  : Tomcat started on port(s): 8080 (http) with context path ''
2019-03-19 09:23:46.701  INFO 2676 --- [main] c.c.weshare.WeshareApplication           : Started WeshareApplication in 5.147 seconds (JVM running for 7.103)
2019-03-19 09:23:56.016  INFO 2676 --- [http-nio-8080-exec-2] o.a.c.c.C.[Tomcat].[localhost].[/]       : Initializing Spring DispatcherServlet 'dispatcherServlet'
2019-03-19 09:23:56.016  INFO 2676 --- [http-nio-8080-exec-2] o.s.web.servlet.DispatcherServlet        : Initializing Servlet 'dispatcherServlet'
2019-03-19 09:23:56.027  INFO 2676 --- [http-nio-8080-exec-2] o.s.web.servlet.DispatcherServlet        : Completed initialization in 11 ms
2019-03-19 09:23:56.067  INFO 2676 --- [http-nio-8080-exec-2] org.slf4j.Logger                         : HomePageController.showGoods(),入参:token=sabisb,currentPage=0,label=null,keyword=null
2019-03-19 09:23:56.086  INFO 2676 --- [http-nio-8080-exec-2] com.zaxxer.hikari.HikariDataSource       : HikariPool-1 - Starting...
2019-03-19 09:23:56.438  INFO 2676 --- [http-nio-8080-exec-2] com.zaxxer.hikari.HikariDataSource       : HikariPool-1 - Start completed.
2019-03-19 09:24:44.854  INFO 2676 --- [http-nio-8080-exec-3] org.slf4j.Logger                         : HomePageController.showGoods(),入参:token=sabisb,currentPage=0,label=null,keyword=null
2019-03-19 09:24:51.277  INFO 2676 --- [http-nio-8080-exec-4] org.slf4j.Logger                         : HomePageController.showGoods(),入参:token=sabisb,currentPage=0,label=null,keyword=null
2019-03-19 09:25:03.650  INFO 2676 --- [http-nio-8080-exec-5] org.slf4j.Logger                         : HomePageController.showGoods(),入参:token=sabisb,currentPage=0,label=1,keyword=null
2019-03-19 09:25:18.176  INFO 2676 --- [http-nio-8080-exec-6] org.slf4j.Logger                         : HomePageController.showGoods(),入参:token=sabisb,currentPage=0,label=null,keyword=null
2019-03-19 09:25:29.290  INFO 2676 --- [http-nio-8080-exec-7] org.slf4j.Logger                         : HomePageController.showGoods(),入参:token=sabisb,currentPage=0,label=null,keyword=null
2019-03-19 09:26:00.005  INFO 2676 --- [http-nio-8080-exec-8] org.slf4j.Logger                         : HomePageController.showGoods(),入参:token=sabisb,currentPage=0,label=null,keyword=null
2019-03-19 09:26:08.593  INFO 2676 --- [http-nio-8080-exec-9] org.slf4j.Logger                         : HomePageController.showGoods(),入参:token=sabisb,currentPage=0,label=null,keyword=
2019-03-19 09:26:45.362  INFO 1412 --- [main] c.c.weshare.WeshareApplication           : Starting WeshareApplication on DESKTOP-0AU7LE8 with PID 1412 (E:\IDEA\weShare\target\classes started by tcozy in E:\IDEA\weShare)
2019-03-19 09:26:45.367  INFO 1412 --- [main] c.c.weshare.WeshareApplication           : No active profile set, falling back to default profiles: default
2019-03-19 09:26:46.906  INFO 1412 --- [main] .s.d.r.c.RepositoryConfigurationDelegate : Multiple Spring Data modules found, entering strict repository configuration mode!
2019-03-19 09:26:46.910  INFO 1412 --- [main] .s.d.r.c.RepositoryConfigurationDelegate : Bootstrapping Spring Data repositories in DEFAULT mode.
2019-03-19 09:26:46.955  INFO 1412 --- [main] .s.d.r.c.RepositoryConfigurationDelegate : Finished Spring Data repository scanning in 23ms. Found 0 repository interfaces.
2019-03-19 09:26:47.445  INFO 1412 --- [main] trationDelegate$BeanPostProcessorChecker : Bean 'org.springframework.transaction.annotation.ProxyTransactionManagementConfiguration' of type [org.springframework.transaction.annotation.ProxyTransactionManagementConfiguration$$EnhancerBySpringCGLIB$$b9397152] is not eligible for getting processed by all BeanPostProcessors (for example: not eligible for auto-proxying)
2019-03-19 09:26:47.888  INFO 1412 --- [main] o.s.b.w.embedded.tomcat.TomcatWebServer  : Tomcat initialized with port(s): 8080 (http)
2019-03-19 09:26:47.914  INFO 1412 --- [main] o.apache.catalina.core.StandardService   : Starting service [Tomcat]
2019-03-19 09:26:47.915  INFO 1412 --- [main] org.apache.catalina.core.StandardEngine  : Starting Servlet engine: [Apache Tomcat/9.0.16]
2019-03-19 09:26:47.922  INFO 1412 --- [main] o.a.catalina.core.AprLifecycleListener   : The APR based Apache Tomcat Native library which allows optimal performance in production environments was not found on the java.library.path: [D:\java\jdk\bin;C:\WINDOWS\Sun\Java\bin;C:\WINDOWS\system32;C:\WINDOWS;D:\tool\Xshell6\;C:\Program Files (x86)\Common Files\Oracle\Java\javapath;C:\WINDOWS\system32;C:\WINDOWS;C:\WINDOWS\System32\Wbem;C:\WINDOWS\System32\WindowsPowerShell\v1.0\;C:\WINDOWS\System32\OpenSSH\;D:\java\jdk\bin;D:\java\jdk\jre\bin;D:\maven\bin;C:\Program Files\MySQL\MySQL Server 5.7\bin;D:\IDE\Git\cmd;D:\IDE\Redis;D:\Python\Scripts\;D:\Python\;C:\Users\唐诚祯\AppData\Local\Microsoft\WindowsApps;;D:\IDE\IntelliJ IDEA 2018.3.5\bin;;.]
2019-03-19 09:26:48.084  INFO 1412 --- [main] o.a.c.c.C.[Tomcat].[localhost].[/]       : Initializing Spring embedded WebApplicationContext
2019-03-19 09:26:48.085  INFO 1412 --- [main] o.s.web.context.ContextLoader            : Root WebApplicationContext: initialization completed in 2575 ms
2019-03-19 09:26:48.714  INFO 1412 --- [main] org.slf4j.Logger                         : 初始化loginFilter
2019-03-19 09:26:49.014  INFO 1412 --- [main] o.s.s.concurrent.ThreadPoolTaskExecutor  : Initializing ExecutorService 'taskExecutor'
2019-03-19 09:26:49.016  INFO 1412 --- [main] o.s.s.concurrent.ThreadPoolTaskExecutor  : Initializing ExecutorService 'taskExecutor'
2019-03-19 09:26:49.729  INFO 1412 --- [main] o.s.b.w.embedded.tomcat.TomcatWebServer  : Tomcat started on port(s): 8080 (http) with context path ''
2019-03-19 09:26:49.732  INFO 1412 --- [main] c.c.weshare.WeshareApplication           : Started WeshareApplication in 5.078 seconds (JVM running for 7.061)
2019-03-19 09:26:53.573  INFO 1412 --- [http-nio-8080-exec-1] o.a.c.c.C.[Tomcat].[localhost].[/]       : Initializing Spring DispatcherServlet 'dispatcherServlet'
2019-03-19 09:26:53.573  INFO 1412 --- [http-nio-8080-exec-1] o.s.web.servlet.DispatcherServlet        : Initializing Servlet 'dispatcherServlet'
2019-03-19 09:26:53.586  INFO 1412 --- [http-nio-8080-exec-1] o.s.web.servlet.DispatcherServlet        : Completed initialization in 13 ms
2019-03-19 09:26:53.702  WARN 1412 --- [http-nio-8080-exec-1] .w.s.m.s.DefaultHandlerExceptionResolver : Resolved [org.springframework.http.converter.HttpMessageNotReadableException: Required request body is missing: public cn.compusshare.weshare.utils.ResultResponse cn.compusshare.weshare.controller.HomePageController.showGoods(java.lang.String,cn.compusshare.weshare.repository.RequestBody.ShowGoodsRequest)]
2019-03-19 09:27:20.704  INFO 10700 --- [main] c.c.weshare.WeshareApplication           : Starting WeshareApplication on DESKTOP-0AU7LE8 with PID 10700 (E:\IDEA\weShare\target\classes started by tcozy in E:\IDEA\weShare)
2019-03-19 09:27:20.709  INFO 10700 --- [main] c.c.weshare.WeshareApplication           : No active profile set, falling back to default profiles: default
2019-03-19 09:27:22.298  INFO 10700 --- [main] .s.d.r.c.RepositoryConfigurationDelegate : Multiple Spring Data modules found, entering strict repository configuration mode!
2019-03-19 09:27:22.301  INFO 10700 --- [main] .s.d.r.c.RepositoryConfigurationDelegate : Bootstrapping Spring Data repositories in DEFAULT mode.
2019-03-19 09:27:22.358  INFO 10700 --- [main] .s.d.r.c.RepositoryConfigurationDelegate : Finished Spring Data repository scanning in 33ms. Found 0 repository interfaces.
2019-03-19 09:27:22.833  INFO 10700 --- [main] trationDelegate$BeanPostProcessorChecker : Bean 'org.springframework.transaction.annotation.ProxyTransactionManagementConfiguration' of type [org.springframework.transaction.annotation.ProxyTransactionManagementConfiguration$$EnhancerBySpringCGLIB$$df719d8a] is not eligible for getting processed by all BeanPostProcessors (for example: not eligible for auto-proxying)
2019-03-19 09:27:23.255  INFO 10700 --- [main] o.s.b.w.embedded.tomcat.TomcatWebServer  : Tomcat initialized with port(s): 8080 (http)
2019-03-19 09:27:23.279  INFO 10700 --- [main] o.apache.catalina.core.StandardService   : Starting service [Tomcat]
2019-03-19 09:27:23.280  INFO 10700 --- [main] org.apache.catalina.core.StandardEngine  : Starting Servlet engine: [Apache Tomcat/9.0.16]
2019-03-19 09:27:23.288  INFO 10700 --- [main] o.a.catalina.core.AprLifecycleListener   : The APR based Apache Tomcat Native library which allows optimal performance in production environments was not found on the java.library.path: [D:\java\jdk\bin;C:\WINDOWS\Sun\Java\bin;C:\WINDOWS\system32;C:\WINDOWS;D:\tool\Xshell6\;C:\Program Files (x86)\Common Files\Oracle\Java\javapath;C:\WINDOWS\system32;C:\WINDOWS;C:\WINDOWS\System32\Wbem;C:\WINDOWS\System32\WindowsPowerShell\v1.0\;C:\WINDOWS\System32\OpenSSH\;D:\java\jdk\bin;D:\java\jdk\jre\bin;D:\maven\bin;C:\Program Files\MySQL\MySQL Server 5.7\bin;D:\IDE\Git\cmd;D:\IDE\Redis;D:\Python\Scripts\;D:\Python\;C:\Users\唐诚祯\AppData\Local\Microsoft\WindowsApps;;D:\IDE\IntelliJ IDEA 2018.3.5\bin;;.]
2019-03-19 09:27:23.476  INFO 10700 --- [main] o.a.c.c.C.[Tomcat].[localhost].[/]       : Initializing Spring embedded WebApplicationContext
2019-03-19 09:27:23.476  INFO 10700 --- [main] o.s.web.context.ContextLoader            : Root WebApplicationContext: initialization completed in 2647 ms
2019-03-19 09:27:24.068  INFO 10700 --- [main] org.slf4j.Logger                         : 初始化loginFilter
2019-03-19 09:27:24.358  INFO 10700 --- [main] o.s.s.concurrent.ThreadPoolTaskExecutor  : Initializing ExecutorService 'taskExecutor'
2019-03-19 09:27:24.360  INFO 10700 --- [main] o.s.s.concurrent.ThreadPoolTaskExecutor  : Initializing ExecutorService 'taskExecutor'
2019-03-19 09:27:25.051  INFO 10700 --- [main] o.s.b.w.embedded.tomcat.TomcatWebServer  : Tomcat started on port(s): 8080 (http) with context path ''
2019-03-19 09:27:25.055  INFO 10700 --- [main] c.c.weshare.WeshareApplication           : Started WeshareApplication in 5.022 seconds (JVM running for 6.729)
2019-03-19 09:27:30.643  INFO 10700 --- [http-nio-8080-exec-1] o.a.c.c.C.[Tomcat].[localhost].[/]       : Initializing Spring DispatcherServlet 'dispatcherServlet'
2019-03-19 09:27:30.643  INFO 10700 --- [http-nio-8080-exec-1] o.s.web.servlet.DispatcherServlet        : Initializing Servlet 'dispatcherServlet'
2019-03-19 09:27:30.652  INFO 10700 --- [http-nio-8080-exec-1] o.s.web.servlet.DispatcherServlet        : Completed initialization in 9 ms
2019-03-19 09:27:30.696  INFO 10700 --- [http-nio-8080-exec-1] org.slf4j.Logger                         : HomePageController.showGoods(),入参:token=sabisb,currentPage=0,label=null,keyword=
2019-03-19 09:27:30.714  INFO 10700 --- [http-nio-8080-exec-1] com.zaxxer.hikari.HikariDataSource       : HikariPool-1 - Starting...
2019-03-19 09:27:31.074  INFO 10700 --- [http-nio-8080-exec-1] com.zaxxer.hikari.HikariDataSource       : HikariPool-1 - Start completed.
2019-03-19 09:33:54.688  INFO 10700 --- [http-nio-8080-exec-5] org.slf4j.Logger                         : HomePageController.showGoods(),入参:token=sabisb,currentPage=0,label=null,keyword=null
2019-03-19 09:34:00.358  INFO 10700 --- [http-nio-8080-exec-6] org.slf4j.Logger                         : HomePageController.showGoods(),入参:token=sabisb,currentPage=0,label=1,keyword=null
2019-03-19 09:34:03.797  INFO 10700 --- [http-nio-8080-exec-7] org.slf4j.Logger                         : HomePageController.showGoods(),入参:token=sabisb,currentPage=0,label=1,keyword=
2019-03-19 09:34:19.260  INFO 10700 --- [http-nio-8080-exec-8] org.slf4j.Logger                         : HomePageController.showGoods(),入参:token=sabisb,currentPage=0,label=null,keyword=
2019-03-19 09:34:23.306  INFO 10700 --- [http-nio-8080-exec-9] org.slf4j.Logger                         : HomePageController.showGoods(),入参:token=sabisb,currentPage=0,label=null,keyword=
2019-03-19 09:34:25.806  INFO 10700 --- [http-nio-8080-exec-10] org.slf4j.Logger                         : HomePageController.showGoods(),入参:token=sabisb,currentPage=0,label=null,keyword=null
2019-03-19 09:36:08.421  INFO 2160 --- [main] c.c.weshare.WeshareApplication           : Starting WeshareApplication on DESKTOP-0AU7LE8 with PID 2160 (E:\IDEA\weShare\target\classes started by tcozy in E:\IDEA\weShare)
2019-03-19 09:36:08.428  INFO 2160 --- [main] c.c.weshare.WeshareApplication           : No active profile set, falling back to default profiles: default
2019-03-19 09:36:10.061  INFO 2160 --- [main] .s.d.r.c.RepositoryConfigurationDelegate : Multiple Spring Data modules found, entering strict repository configuration mode!
2019-03-19 09:36:10.065  INFO 2160 --- [main] .s.d.r.c.RepositoryConfigurationDelegate : Bootstrapping Spring Data repositories in DEFAULT mode.
2019-03-19 09:36:10.114  INFO 2160 --- [main] .s.d.r.c.RepositoryConfigurationDelegate : Finished Spring Data repository scanning in 22ms. Found 0 repository interfaces.
2019-03-19 09:36:10.697  INFO 2160 --- [main] trationDelegate$BeanPostProcessorChecker : Bean 'org.springframework.transaction.annotation.ProxyTransactionManagementConfiguration' of type [org.springframework.transaction.annotation.ProxyTransactionManagementConfiguration$$EnhancerBySpringCGLIB$$469934f3] is not eligible for getting processed by all BeanPostProcessors (for example: not eligible for auto-proxying)
2019-03-19 09:36:11.157  INFO 2160 --- [main] o.s.b.w.embedded.tomcat.TomcatWebServer  : Tomcat initialized with port(s): 8080 (http)
2019-03-19 09:36:11.182  INFO 2160 --- [main] o.apache.catalina.core.StandardService   : Starting service [Tomcat]
2019-03-19 09:36:11.183  INFO 2160 --- [main] org.apache.catalina.core.StandardEngine  : Starting Servlet engine: [Apache Tomcat/9.0.16]
2019-03-19 09:36:11.192  INFO 2160 --- [main] o.a.catalina.core.AprLifecycleListener   : The APR based Apache Tomcat Native library which allows optimal performance in production environments was not found on the java.library.path: [D:\java\jdk\bin;C:\WINDOWS\Sun\Java\bin;C:\WINDOWS\system32;C:\WINDOWS;D:\tool\Xshell6\;C:\Program Files (x86)\Common Files\Oracle\Java\javapath;C:\WINDOWS\system32;C:\WINDOWS;C:\WINDOWS\System32\Wbem;C:\WINDOWS\System32\WindowsPowerShell\v1.0\;C:\WINDOWS\System32\OpenSSH\;D:\java\jdk\bin;D:\java\jdk\jre\bin;D:\maven\bin;C:\Program Files\MySQL\MySQL Server 5.7\bin;D:\IDE\Git\cmd;D:\IDE\Redis;D:\Python\Scripts\;D:\Python\;C:\Users\唐诚祯\AppData\Local\Microsoft\WindowsApps;;D:\IDE\IntelliJ IDEA 2018.3.5\bin;;.]
2019-03-19 09:36:11.342  INFO 2160 --- [main] o.a.c.c.C.[Tomcat].[localhost].[/]       : Initializing Spring embedded WebApplicationContext
2019-03-19 09:36:11.343  INFO 2160 --- [main] o.s.web.context.ContextLoader            : Root WebApplicationContext: initialization completed in 2814 ms
2019-03-19 09:36:11.899  INFO 2160 --- [main] org.slf4j.Logger                         : 初始化loginFilter
2019-03-19 09:36:12.196  INFO 2160 --- [main] o.s.s.concurrent.ThreadPoolTaskExecutor  : Initializing ExecutorService 'taskExecutor'
2019-03-19 09:36:12.198  INFO 2160 --- [main] o.s.s.concurrent.ThreadPoolTaskExecutor  : Initializing ExecutorService 'taskExecutor'
2019-03-19 09:36:12.890  INFO 2160 --- [main] o.s.b.w.embedded.tomcat.TomcatWebServer  : Tomcat started on port(s): 8080 (http) with context path ''
2019-03-19 09:36:12.893  INFO 2160 --- [main] c.c.weshare.WeshareApplication           : Started WeshareApplication in 5.142 seconds (JVM running for 7.136)
2019-03-19 09:36:16.113  INFO 2160 --- [http-nio-8080-exec-2] o.a.c.c.C.[Tomcat].[localhost].[/]       : Initializing Spring DispatcherServlet 'dispatcherServlet'
2019-03-19 09:36:16.114  INFO 2160 --- [http-nio-8080-exec-2] o.s.web.servlet.DispatcherServlet        : Initializing Servlet 'dispatcherServlet'
2019-03-19 09:36:16.123  INFO 2160 --- [http-nio-8080-exec-2] o.s.web.servlet.DispatcherServlet        : Completed initialization in 9 ms
2019-03-19 09:36:16.170  INFO 2160 --- [http-nio-8080-exec-2] org.slf4j.Logger                         : HomePageController.showGoods(),入参:token=sabisb,currentPage=0,label=null,keyword=
2019-03-19 09:36:16.189  INFO 2160 --- [http-nio-8080-exec-2] com.zaxxer.hikari.HikariDataSource       : HikariPool-1 - Starting...
2019-03-19 09:36:16.530  INFO 2160 --- [http-nio-8080-exec-2] com.zaxxer.hikari.HikariDataSource       : HikariPool-1 - Start completed.
2019-03-19 09:36:52.611  INFO 2160 --- [http-nio-8080-exec-3] org.slf4j.Logger                         : HomePageController.showGoods(),入参:token=sabisb,currentPage=0,label=null,keyword=
2019-03-19 09:37:00.220  INFO 2160 --- [http-nio-8080-exec-4] org.slf4j.Logger                         : HomePageController.showGoods(),入参:token=sabisb,currentPage=0,label=null,keyword=null
2019-03-19 09:37:06.107  INFO 2160 --- [http-nio-8080-exec-6] org.slf4j.Logger                         : HomePageController.showGoods(),入参:token=sabisb,currentPage=0,label=null,keyword=null
2019-03-19 09:38:48.595  INFO 2160 --- [http-nio-8080-exec-8] org.slf4j.Logger                         : HomePageController.showGoods(),入参:token=sabisb,currentPage=0,label=null,keyword=null
2019-03-19 09:39:05.283  INFO 2160 --- [http-nio-8080-exec-9] org.slf4j.Logger                         : HomePageController.showGoods(),入参:token=sabisb,currentPage=0,label=null,keyword=
2019-03-19 09:39:29.289  WARN 2160 --- [http-nio-8080-exec-10] .w.s.m.s.DefaultHandlerExceptionResolver : Resolved [org.springframework.web.bind.MissingRequestHeaderException: Missing request header 'token' for method parameter of type String]
2019-03-19 09:43:38.115  WARN 2160 --- [http-nio-8080-exec-4] .w.s.m.s.DefaultHandlerExceptionResolver : Resolved [org.springframework.web.bind.MissingRequestHeaderException: Missing request header 'token' for method parameter of type String]
2019-03-19 09:50:45.799  INFO 1348 --- [main] c.c.weshare.WeshareApplication           : Starting WeshareApplication on DESKTOP-0AU7LE8 with PID 1348 (E:\IDEA\weShare\target\classes started by tcozy in E:\IDEA\weShare)
2019-03-19 09:50:45.803  INFO 1348 --- [main] c.c.weshare.WeshareApplication           : No active profile set, falling back to default profiles: default
2019-03-19 09:50:47.408  INFO 1348 --- [main] .s.d.r.c.RepositoryConfigurationDelegate : Multiple Spring Data modules found, entering strict repository configuration mode!
2019-03-19 09:50:47.411  INFO 1348 --- [main] .s.d.r.c.RepositoryConfigurationDelegate : Bootstrapping Spring Data repositories in DEFAULT mode.
2019-03-19 09:50:47.455  INFO 1348 --- [main] .s.d.r.c.RepositoryConfigurationDelegate : Finished Spring Data repository scanning in 23ms. Found 0 repository interfaces.
2019-03-19 09:50:48.032  INFO 1348 --- [main] trationDelegate$BeanPostProcessorChecker : Bean 'org.springframework.transaction.annotation.ProxyTransactionManagementConfiguration' of type [org.springframework.transaction.annotation.ProxyTransactionManagementConfiguration$$EnhancerBySpringCGLIB$$f23d80f] is not eligible for getting processed by all BeanPostProcessors (for example: not eligible for auto-proxying)
2019-03-19 09:50:48.503  INFO 1348 --- [main] o.s.b.w.embedded.tomcat.TomcatWebServer  : Tomcat initialized with port(s): 8080 (http)
2019-03-19 09:50:48.537  INFO 1348 --- [main] o.apache.catalina.core.StandardService   : Starting service [Tomcat]
2019-03-19 09:50:48.538  INFO 1348 --- [main] org.apache.catalina.core.StandardEngine  : Starting Servlet engine: [Apache Tomcat/9.0.16]
2019-03-19 09:50:48.546  INFO 1348 --- [main] o.a.catalina.core.AprLifecycleListener   : The APR based Apache Tomcat Native library which allows optimal performance in production environments was not found on the java.library.path: [D:\java\jdk\bin;C:\WINDOWS\Sun\Java\bin;C:\WINDOWS\system32;C:\WINDOWS;D:\tool\Xshell6\;C:\Program Files (x86)\Common Files\Oracle\Java\javapath;C:\WINDOWS\system32;C:\WINDOWS;C:\WINDOWS\System32\Wbem;C:\WINDOWS\System32\WindowsPowerShell\v1.0\;C:\WINDOWS\System32\OpenSSH\;D:\java\jdk\bin;D:\java\jdk\jre\bin;D:\maven\bin;C:\Program Files\MySQL\MySQL Server 5.7\bin;D:\IDE\Git\cmd;D:\IDE\Redis;D:\Python\Scripts\;D:\Python\;C:\Users\唐诚祯\AppData\Local\Microsoft\WindowsApps;;D:\IDE\IntelliJ IDEA 2018.3.5\bin;;.]
2019-03-19 09:50:48.716  INFO 1348 --- [main] o.a.c.c.C.[Tomcat].[localhost].[/]       : Initializing Spring embedded WebApplicationContext
2019-03-19 09:50:48.716  INFO 1348 --- [main] o.s.web.context.ContextLoader            : Root WebApplicationContext: initialization completed in 2761 ms
2019-03-19 09:50:49.261  INFO 1348 --- [main] org.slf4j.Logger                         : 初始化loginFilter
2019-03-19 09:50:49.562  INFO 1348 --- [main] o.s.s.concurrent.ThreadPoolTaskExecutor  : Initializing ExecutorService 'taskExecutor'
2019-03-19 09:50:49.564  INFO 1348 --- [main] o.s.s.concurrent.ThreadPoolTaskExecutor  : Initializing ExecutorService 'taskExecutor'
2019-03-19 09:50:50.254  INFO 1348 --- [main] o.s.b.w.embedded.tomcat.TomcatWebServer  : Tomcat started on port(s): 8080 (http) with context path ''
2019-03-19 09:50:50.258  INFO 1348 --- [main] c.c.weshare.WeshareApplication           : Started WeshareApplication in 5.143 seconds (JVM running for 7.063)
2019-03-19 09:50:54.729  INFO 1348 --- [http-nio-8080-exec-1] o.a.c.c.C.[Tomcat].[localhost].[/]       : Initializing Spring DispatcherServlet 'dispatcherServlet'
2019-03-19 09:50:54.729  INFO 1348 --- [http-nio-8080-exec-1] o.s.web.servlet.DispatcherServlet        : Initializing Servlet 'dispatcherServlet'
2019-03-19 09:50:54.738  INFO 1348 --- [http-nio-8080-exec-1] o.s.web.servlet.DispatcherServlet        : Completed initialization in 9 ms
2019-03-19 09:50:54.781  INFO 1348 --- [http-nio-8080-exec-1] org.slf4j.Logger                         : HomePageController.showGoods(),入参:token=sabisb,currentPage=0,label=null,keyword=
2019-03-19 09:50:54.800  INFO 1348 --- [http-nio-8080-exec-1] com.zaxxer.hikari.HikariDataSource       : HikariPool-1 - Starting...
2019-03-19 09:50:55.163  INFO 1348 --- [http-nio-8080-exec-1] com.zaxxer.hikari.HikariDataSource       : HikariPool-1 - Start completed.
2019-03-19 09:51:00.759  INFO 1348 --- [http-nio-8080-exec-3] org.slf4j.Logger                         : HomePageController.showGoods(),入参:token=sabisb,currentPage=0,label=1,keyword=
2019-03-19 09:51:05.761  INFO 1348 --- [http-nio-8080-exec-4] org.slf4j.Logger                         : HomePageController.showGoods(),入参:token=sabisb,currentPage=0,label=0,keyword=
2019-03-19 09:51:13.862  INFO 1348 --- [http-nio-8080-exec-5] org.slf4j.Logger                         : HomePageController.showGoods(),入参:token=sabisb,currentPage=0,label=1,keyword=
2019-03-19 09:51:18.009  INFO 1348 --- [http-nio-8080-exec-6] org.slf4j.Logger                         : HomePageController.showGoods(),入参:token=sabisb,currentPage=0,label=null,keyword=
2019-03-19 09:53:52.716  INFO 13596 --- [main] c.c.weshare.WeshareApplication           : Starting WeshareApplication on DESKTOP-0AU7LE8 with PID 13596 (E:\IDEA\weShare\target\classes started by tcozy in E:\IDEA\weShare)
2019-03-19 09:53:52.722  INFO 13596 --- [main] c.c.weshare.WeshareApplication           : No active profile set, falling back to default profiles: default
2019-03-19 09:53:54.245  INFO 13596 --- [main] .s.d.r.c.RepositoryConfigurationDelegate : Multiple Spring Data modules found, entering strict repository configuration mode!
2019-03-19 09:53:54.249  INFO 13596 --- [main] .s.d.r.c.RepositoryConfigurationDelegate : Bootstrapping Spring Data repositories in DEFAULT mode.
2019-03-19 09:53:54.290  INFO 13596 --- [main] .s.d.r.c.RepositoryConfigurationDelegate : Finished Spring Data repository scanning in 20ms. Found 0 repository interfaces.
2019-03-19 09:53:54.807  INFO 13596 --- [main] trationDelegate$BeanPostProcessorChecker : Bean 'org.springframework.transaction.annotation.ProxyTransactionManagementConfiguration' of type [org.springframework.transaction.annotation.ProxyTransactionManagementConfiguration$$EnhancerBySpringCGLIB$$d0374c40] is not eligible for getting processed by all BeanPostProcessors (for example: not eligible for auto-proxying)
2019-03-19 09:53:55.260  INFO 13596 --- [main] o.s.b.w.embedded.tomcat.TomcatWebServer  : Tomcat initialized with port(s): 8080 (http)
2019-03-19 09:53:55.286  INFO 13596 --- [main] o.apache.catalina.core.StandardService   : Starting service [Tomcat]
2019-03-19 09:53:55.286  INFO 13596 --- [main] org.apache.catalina.core.StandardEngine  : Starting Servlet engine: [Apache Tomcat/9.0.16]
2019-03-19 09:53:55.294  INFO 13596 --- [main] o.a.catalina.core.AprLifecycleListener   : The APR based Apache Tomcat Native library which allows optimal performance in production environments was not found on the java.library.path: [D:\java\jdk\bin;C:\WINDOWS\Sun\Java\bin;C:\WINDOWS\system32;C:\WINDOWS;D:\tool\Xshell6\;C:\Program Files (x86)\Common Files\Oracle\Java\javapath;C:\WINDOWS\system32;C:\WINDOWS;C:\WINDOWS\System32\Wbem;C:\WINDOWS\System32\WindowsPowerShell\v1.0\;C:\WINDOWS\System32\OpenSSH\;D:\java\jdk\bin;D:\java\jdk\jre\bin;D:\maven\bin;C:\Program Files\MySQL\MySQL Server 5.7\bin;D:\IDE\Git\cmd;D:\IDE\Redis;D:\Python\Scripts\;D:\Python\;C:\Users\唐诚祯\AppData\Local\Microsoft\WindowsApps;;D:\IDE\IntelliJ IDEA 2018.3.5\bin;;.]
2019-03-19 09:53:55.481  INFO 13596 --- [main] o.a.c.c.C.[Tomcat].[localhost].[/]       : Initializing Spring embedded WebApplicationContext
2019-03-19 09:53:55.481  INFO 13596 --- [main] o.s.web.context.ContextLoader            : Root WebApplicationContext: initialization completed in 2688 ms
2019-03-19 09:53:56.058  INFO 13596 --- [main] org.slf4j.Logger                         : 初始化loginFilter
2019-03-19 09:53:56.373  INFO 13596 --- [main] o.s.s.concurrent.ThreadPoolTaskExecutor  : Initializing ExecutorService 'taskExecutor'
2019-03-19 09:53:56.375  INFO 13596 --- [main] o.s.s.concurrent.ThreadPoolTaskExecutor  : Initializing ExecutorService 'taskExecutor'
2019-03-19 09:53:57.069  INFO 13596 --- [main] o.s.b.w.embedded.tomcat.TomcatWebServer  : Tomcat started on port(s): 8080 (http) with context path ''
2019-03-19 09:53:57.072  INFO 13596 --- [main] c.c.weshare.WeshareApplication           : Started WeshareApplication in 5.138 seconds (JVM running for 6.855)
2019-03-19 10:03:00.402  INFO 11660 --- [main] c.c.weshare.WeshareApplication           : Starting WeshareApplication on DESKTOP-0AU7LE8 with PID 11660 (E:\IDEA\weShare\target\classes started by tcozy in E:\IDEA\weShare)
2019-03-19 10:03:00.407  INFO 11660 --- [main] c.c.weshare.WeshareApplication           : No active profile set, falling back to default profiles: default
2019-03-19 10:03:01.951  INFO 11660 --- [main] .s.d.r.c.RepositoryConfigurationDelegate : Multiple Spring Data modules found, entering strict repository configuration mode!
2019-03-19 10:03:01.956  INFO 11660 --- [main] .s.d.r.c.RepositoryConfigurationDelegate : Bootstrapping Spring Data repositories in DEFAULT mode.
2019-03-19 10:03:02.000  INFO 11660 --- [main] .s.d.r.c.RepositoryConfigurationDelegate : Finished Spring Data repository scanning in 22ms. Found 0 repository interfaces.
2019-03-19 10:03:02.547  INFO 11660 --- [main] trationDelegate$BeanPostProcessorChecker : Bean 'org.springframework.transaction.annotation.ProxyTransactionManagementConfiguration' of type [org.springframework.transaction.annotation.ProxyTransactionManagementConfiguration$$EnhancerBySpringCGLIB$$299fb70d] is not eligible for getting processed by all BeanPostProcessors (for example: not eligible for auto-proxying)
2019-03-19 10:03:02.964  INFO 11660 --- [main] o.s.b.w.embedded.tomcat.TomcatWebServer  : Tomcat initialized with port(s): 8080 (http)
2019-03-19 10:03:02.990  INFO 11660 --- [main] o.apache.catalina.core.StandardService   : Starting service [Tomcat]
2019-03-19 10:03:02.990  INFO 11660 --- [main] org.apache.catalina.core.StandardEngine  : Starting Servlet engine: [Apache Tomcat/9.0.16]
2019-03-19 10:03:02.997  INFO 11660 --- [main] o.a.catalina.core.AprLifecycleListener   : The APR based Apache Tomcat Native library which allows optimal performance in production environments was not found on the java.library.path: [D:\java\jdk\bin;C:\WINDOWS\Sun\Java\bin;C:\WINDOWS\system32;C:\WINDOWS;D:\tool\Xshell6\;C:\Program Files (x86)\Common Files\Oracle\Java\javapath;C:\WINDOWS\system32;C:\WINDOWS;C:\WINDOWS\System32\Wbem;C:\WINDOWS\System32\WindowsPowerShell\v1.0\;C:\WINDOWS\System32\OpenSSH\;D:\java\jdk\bin;D:\java\jdk\jre\bin;D:\maven\bin;C:\Program Files\MySQL\MySQL Server 5.7\bin;D:\IDE\Git\cmd;D:\IDE\Redis;D:\Python\Scripts\;D:\Python\;C:\Users\唐诚祯\AppData\Local\Microsoft\WindowsApps;;D:\IDE\IntelliJ IDEA 2018.3.5\bin;;.]
2019-03-19 10:03:03.192  INFO 11660 --- [main] o.a.c.c.C.[Tomcat].[localhost].[/]       : Initializing Spring embedded WebApplicationContext
2019-03-19 10:03:03.193  INFO 11660 --- [main] o.s.web.context.ContextLoader            : Root WebApplicationContext: initialization completed in 2692 ms
2019-03-19 10:03:03.759  INFO 11660 --- [main] org.slf4j.Logger                         : 初始化loginFilter
2019-03-19 10:03:04.045  INFO 11660 --- [main] o.s.s.concurrent.ThreadPoolTaskExecutor  : Initializing ExecutorService 'taskExecutor'
2019-03-19 10:03:04.047  INFO 11660 --- [main] o.s.s.concurrent.ThreadPoolTaskExecutor  : Initializing ExecutorService 'taskExecutor'
2019-03-19 10:03:04.753  INFO 11660 --- [main] o.s.b.w.embedded.tomcat.TomcatWebServer  : Tomcat started on port(s): 8080 (http) with context path ''
2019-03-19 10:03:04.757  INFO 11660 --- [main] c.c.weshare.WeshareApplication           : Started WeshareApplication in 5.18 seconds (JVM running for 6.978)
2019-03-19 10:03:07.743  INFO 11660 --- [http-nio-8080-exec-1] o.a.c.c.C.[Tomcat].[localhost].[/]       : Initializing Spring DispatcherServlet 'dispatcherServlet'
2019-03-19 10:03:07.744  INFO 11660 --- [http-nio-8080-exec-1] o.s.web.servlet.DispatcherServlet        : Initializing Servlet 'dispatcherServlet'
2019-03-19 10:03:07.755  INFO 11660 --- [http-nio-8080-exec-1] o.s.web.servlet.DispatcherServlet        : Completed initialization in 11 ms
2019-03-19 10:03:07.803  INFO 11660 --- [http-nio-8080-exec-1] org.slf4j.Logger                         : HomePageController.showGoods(),入参:token=sabisb,currentPage=0,label=null,keyword=
2019-03-19 10:03:07.821  INFO 11660 --- [http-nio-8080-exec-1] com.zaxxer.hikari.HikariDataSource       : HikariPool-1 - Starting...
2019-03-19 10:03:08.169  INFO 11660 --- [http-nio-8080-exec-1] com.zaxxer.hikari.HikariDataSource       : HikariPool-1 - Start completed.
2019-03-19 10:03:15.046  INFO 11660 --- [http-nio-8080-exec-3] org.slf4j.Logger                         : HomePageController.showGoods(),入参:token=sabisb,currentPage=0,label=null,keyword=null
2019-03-19 10:03:30.429  INFO 11660 --- [http-nio-8080-exec-4] org.slf4j.Logger                         : HomePageController.showGoods(),入参:token=sabisb,currentPage=0,label=0,keyword=null
2019-03-19 10:03:47.352  INFO 11660 --- [http-nio-8080-exec-5] org.slf4j.Logger                         : HomePageController.showGoods(),入参:token=sabisb,currentPage=0,label=0,keyword=
2019-03-19 10:03:59.534  INFO 11660 --- [http-nio-8080-exec-6] org.slf4j.Logger                         : HomePageController.showGoods(),入参:token=sabisb,currentPage=0,label=0,keyword=这是一本书
2019-03-19 10:05:06.585  INFO 11660 --- [http-nio-8080-exec-9] org.slf4j.Logger                         : HomePageController.showGoods(),入参:token=sabisb,currentPage=0,label=0,keyword=null
2019-03-19 10:05:25.569  INFO 11660 --- [http-nio-8080-exec-10] org.slf4j.Logger                         : HomePageController.showGoods(),入参:token=sabisb,currentPage=0,label=0,keyword=null
2019-03-19 10:07:50.601  INFO 5856 --- [main] c.c.weshare.WeshareApplication           : Starting WeshareApplication on DESKTOP-0AU7LE8 with PID 5856 (E:\IDEA\weShare\target\classes started by tcozy in E:\IDEA\weShare)
2019-03-19 10:07:50.606  INFO 5856 --- [main] c.c.weshare.WeshareApplication           : No active profile set, falling back to default profiles: default
2019-03-19 10:07:52.170  INFO 5856 --- [main] .s.d.r.c.RepositoryConfigurationDelegate : Multiple Spring Data modules found, entering strict repository configuration mode!
2019-03-19 10:07:52.173  INFO 5856 --- [main] .s.d.r.c.RepositoryConfigurationDelegate : Bootstrapping Spring Data repositories in DEFAULT mode.
2019-03-19 10:07:52.220  INFO 5856 --- [main] .s.d.r.c.RepositoryConfigurationDelegate : Finished Spring Data repository scanning in 26ms. Found 0 repository interfaces.
2019-03-19 10:07:52.868  INFO 5856 --- [main] trationDelegate$BeanPostProcessorChecker : Bean 'org.springframework.transaction.annotation.ProxyTransactionManagementConfiguration' of type [org.springframework.transaction.annotation.ProxyTransactionManagementConfiguration$$EnhancerBySpringCGLIB$$df719d8a] is not eligible for getting processed by all BeanPostProcessors (for example: not eligible for auto-proxying)
2019-03-19 10:07:53.313  INFO 5856 --- [main] o.s.b.w.embedded.tomcat.TomcatWebServer  : Tomcat initialized with port(s): 8080 (http)
2019-03-19 10:07:53.338  INFO 5856 --- [main] o.apache.catalina.core.StandardService   : Starting service [Tomcat]
2019-03-19 10:07:53.338  INFO 5856 --- [main] org.apache.catalina.core.StandardEngine  : Starting Servlet engine: [Apache Tomcat/9.0.16]
2019-03-19 10:07:53.346  INFO 5856 --- [main] o.a.catalina.core.AprLifecycleListener   : The APR based Apache Tomcat Native library which allows optimal performance in production environments was not found on the java.library.path: [D:\java\jdk\bin;C:\WINDOWS\Sun\Java\bin;C:\WINDOWS\system32;C:\WINDOWS;D:\tool\Xshell6\;C:\Program Files (x86)\Common Files\Oracle\Java\javapath;C:\WINDOWS\system32;C:\WINDOWS;C:\WINDOWS\System32\Wbem;C:\WINDOWS\System32\WindowsPowerShell\v1.0\;C:\WINDOWS\System32\OpenSSH\;D:\java\jdk\bin;D:\java\jdk\jre\bin;D:\maven\bin;C:\Program Files\MySQL\MySQL Server 5.7\bin;D:\IDE\Git\cmd;D:\IDE\Redis;D:\Python\Scripts\;D:\Python\;C:\Users\唐诚祯\AppData\Local\Microsoft\WindowsApps;;D:\IDE\IntelliJ IDEA 2018.3.5\bin;;.]
2019-03-19 10:07:53.523  INFO 5856 --- [main] o.a.c.c.C.[Tomcat].[localhost].[/]       : Initializing Spring embedded WebApplicationContext
2019-03-19 10:07:53.523  INFO 5856 --- [main] o.s.web.context.ContextLoader            : Root WebApplicationContext: initialization completed in 2842 ms
2019-03-19 10:07:54.135  INFO 5856 --- [main] org.slf4j.Logger                         : 初始化loginFilter
2019-03-19 10:07:54.448  INFO 5856 --- [main] o.s.s.concurrent.ThreadPoolTaskExecutor  : Initializing ExecutorService 'taskExecutor'
2019-03-19 10:07:54.450  INFO 5856 --- [main] o.s.s.concurrent.ThreadPoolTaskExecutor  : Initializing ExecutorService 'taskExecutor'
2019-03-19 10:07:55.163  INFO 5856 --- [main] o.s.b.w.embedded.tomcat.TomcatWebServer  : Tomcat started on port(s): 8080 (http) with context path ''
2019-03-19 10:07:55.166  INFO 5856 --- [main] c.c.weshare.WeshareApplication           : Started WeshareApplication in 5.255 seconds (JVM running for 6.99)
2019-03-19 10:08:01.488  INFO 5856 --- [http-nio-8080-exec-2] o.a.c.c.C.[Tomcat].[localhost].[/]       : Initializing Spring DispatcherServlet 'dispatcherServlet'
2019-03-19 10:08:01.489  INFO 5856 --- [http-nio-8080-exec-2] o.s.web.servlet.DispatcherServlet        : Initializing Servlet 'dispatcherServlet'
2019-03-19 10:08:01.498  INFO 5856 --- [http-nio-8080-exec-2] o.s.web.servlet.DispatcherServlet        : Completed initialization in 9 ms
2019-03-19 10:08:01.544  INFO 5856 --- [http-nio-8080-exec-2] org.slf4j.Logger                         : HomePageController.showGoods(),入参:token=sabisb,currentPage=0,label=0,keyword=null
2019-03-19 10:08:01.564  INFO 5856 --- [http-nio-8080-exec-2] com.zaxxer.hikari.HikariDataSource       : HikariPool-1 - Starting...
2019-03-19 10:08:01.914  INFO 5856 --- [http-nio-8080-exec-2] com.zaxxer.hikari.HikariDataSource       : HikariPool-1 - Start completed.
